2020-06-08 21:48:03,694 [main] INFO  [com.njupt.admin.dto.PasswordHelperTest] StartupInfoLogger.java:50 - Starting PasswordHelperTest on DESKTOP-5BD7DKG with PID 4524 (started by lxl in F:\IdeaProjects\blog)
2020-06-08 21:48:03,694 [main] INFO  [com.njupt.admin.dto.PasswordHelperTest] SpringApplication.java:679 - The following profiles are active: dev
2020-06-08 21:48:05,819 [main] WARN  [org.mybatis.spring.mapper.ClassPathMapperScanner] Logger.java:44 - Skipping MapperFactoryBean with name 'articleCategoryMapper' and 'com.njupt.system.mapper.ArticleCategoryMapper' mapperInterface. Bean already defined with the same name!
2020-06-08 21:48:05,819 [main] WARN  [org.mybatis.spring.mapper.ClassPathMapperScanner] Logger.java:44 - Skipping MapperFactoryBean with name 'articleMapper' and 'com.njupt.system.mapper.ArticleMapper' mapperInterface. Bean already defined with the same name!
2020-06-08 21:48:05,819 [main] WARN  [org.mybatis.spring.mapper.ClassPathMapperScanner] Logger.java:44 - Skipping MapperFactoryBean with name 'articleTagMapper' and 'com.njupt.system.mapper.ArticleTagMapper' mapperInterface. Bean already defined with the same name!
2020-06-08 21:48:05,834 [main] WARN  [org.mybatis.spring.mapper.ClassPathMapperScanner] Logger.java:44 - Skipping MapperFactoryBean with name 'categoryMapper' and 'com.njupt.system.mapper.CategoryMapper' mapperInterface. Bean already defined with the same name!
2020-06-08 21:48:05,834 [main] WARN  [org.mybatis.spring.mapper.ClassPathMapperScanner] Logger.java:44 - Skipping MapperFactoryBean with name 'commentMapper' and 'com.njupt.system.mapper.CommentMapper' mapperInterface. Bean already defined with the same name!
2020-06-08 21:48:05,834 [main] WARN  [org.mybatis.spring.mapper.ClassPathMapperScanner] Logger.java:44 - Skipping MapperFactoryBean with name 'linkMapper' and 'com.njupt.system.mapper.LinkMapper' mapperInterface. Bean already defined with the same name!
2020-06-08 21:48:05,834 [main] WARN  [org.mybatis.spring.mapper.ClassPathMapperScanner] Logger.java:44 - Skipping MapperFactoryBean with name 'logMapper' and 'com.njupt.system.mapper.LogMapper' mapperInterface. Bean already defined with the same name!
2020-06-08 21:48:05,834 [main] WARN  [org.mybatis.spring.mapper.ClassPathMapperScanner] Logger.java:44 - Skipping MapperFactoryBean with name 'loginLogMapper' and 'com.njupt.system.mapper.LoginLogMapper' mapperInterface. Bean already defined with the same name!
2020-06-08 21:48:05,834 [main] WARN  [org.mybatis.spring.mapper.ClassPathMapperScanner] Logger.java:44 - Skipping MapperFactoryBean with name 'tagMapper' and 'com.njupt.system.mapper.TagMapper' mapperInterface. Bean already defined with the same name!
2020-06-08 21:48:05,834 [main] WARN  [org.mybatis.spring.mapper.ClassPathMapperScanner] Logger.java:44 - Skipping MapperFactoryBean with name 'userMapper' and 'com.njupt.system.mapper.UserMapper' mapperInterface. Bean already defined with the same name!
2020-06-08 21:48:05,834 [main] WARN  [org.mybatis.spring.mapper.ClassPathMapperScanner] Logger.java:44 - No MyBatis mapper was found in '[com.njupt.system.mapper]' package. Please check your configuration.
2020-06-08 21:48:06,272 [main] INFO  [o.s.c.s.PostProcessorRegistrationDelegate$BeanPostProcessorChecker] PostProcessorRegistrationDelegate.java:330 - Bean 'org.springframework.transaction.annotation.ProxyTransactionManagementConfiguration' of type [org.springframework.transaction.annotation.ProxyTransactionManagementConfiguration$$EnhancerBySpringCGLIB$$c7c8d334] is not eligible for getting processed by all BeanPostProcessors (for example: not eligible for auto-proxying)
2020-06-08 21:48:06,647 [main] INFO  [o.s.c.s.PostProcessorRegistrationDelegate$BeanPostProcessorChecker] PostProcessorRegistrationDelegate.java:330 - Bean 'tumoProperties' of type [com.njupt.common.properties.TumoProperties$$EnhancerBySpringCGLIB$$92117865] is not eligible for getting processed by all BeanPostProcessors (for example: not eligible for auto-proxying)
2020-06-08 21:48:06,647 [main] INFO  [o.s.c.s.PostProcessorRegistrationDelegate$BeanPostProcessorChecker] PostProcessorRegistrationDelegate.java:330 - Bean 'shiroConfig' of type [com.njupt.common.config.ShiroConfig$$EnhancerBySpringCGLIB$$df1e7fa5] is not eligible for getting processed by all BeanPostProcessors (for example: not eligible for auto-proxying)
2020-06-08 21:48:07,224 [main] INFO  [o.s.c.s.PostProcessorRegistrationDelegate$BeanPostProcessorChecker] PostProcessorRegistrationDelegate.java:330 - Bean 'hashedCredentialsMatcher' of type [org.apache.shiro.authc.credential.HashedCredentialsMatcher] is not eligible for getting processed by all BeanPostProcessors (for example: not eligible for auto-proxying)
2020-06-08 21:48:07,396 [main] INFO  [o.s.c.s.PostProcessorRegistrationDelegate$BeanPostProcessorChecker] PostProcessorRegistrationDelegate.java:330 - Bean 'mybatis-plus-com.baomidou.mybatisplus.autoconfigure.MybatisPlusProperties' of type [com.baomidou.mybatisplus.autoconfigure.MybatisPlusProperties] is not eligible for getting processed by all BeanPostProcessors (for example: not eligible for auto-proxying)
2020-06-08 21:48:07,412 [main] INFO  [o.s.c.s.PostProcessorRegistrationDelegate$BeanPostProcessorChecker] PostProcessorRegistrationDelegate.java:330 - Bean 'mybatisPlusConfig' of type [com.njupt.common.config.MybatisPlusConfig$$EnhancerBySpringCGLIB$$ef0c2381] is not eligible for getting processed by all BeanPostProcessors (for example: not eligible for auto-proxying)
2020-06-08 21:48:07,428 [main] INFO  [o.s.c.s.PostProcessorRegistrationDelegate$BeanPostProcessorChecker] PostProcessorRegistrationDelegate.java:330 - Bean 'paginationInterceptor' of type [com.baomidou.mybatisplus.extension.plugins.PaginationInterceptor] is not eligible for getting processed by all BeanPostProcessors (for example: not eligible for auto-proxying)
2020-06-08 21:48:07,443 [main] INFO  [o.s.c.s.PostProcessorRegistrationDelegate$BeanPostProcessorChecker] PostProcessorRegistrationDelegate.java:330 - Bean 'com.baomidou.mybatisplus.autoconfigure.MybatisPlusAutoConfiguration' of type [com.baomidou.mybatisplus.autoconfigure.MybatisPlusAutoConfiguration$$EnhancerBySpringCGLIB$$5913fce] is not eligible for getting processed by all BeanPostProcessors (for example: not eligible for auto-proxying)
2020-06-08 21:48:07,443 [main] INFO  [o.s.c.s.PostProcessorRegistrationDelegate$BeanPostProcessorChecker] PostProcessorRegistrationDelegate.java:330 - Bean 'org.springframework.boot.autoconfigure.jdbc.DataSourceConfiguration$Hikari' of type [org.springframework.boot.autoconfigure.jdbc.DataSourceConfiguration$Hikari] is not eligible for getting processed by all BeanPostProcessors (for example: not eligible for auto-proxying)
2020-06-08 21:48:07,459 [main] INFO  [o.s.c.s.PostProcessorRegistrationDelegate$BeanPostProcessorChecker] PostProcessorRegistrationDelegate.java:330 - Bean 'spring.datasource-org.springframework.boot.autoconfigure.jdbc.DataSourceProperties' of type [org.springframework.boot.autoconfigure.jdbc.DataSourceProperties] is not eligible for getting processed by all BeanPostProcessors (for example: not eligible for auto-proxying)
2020-06-08 21:48:07,521 [main] INFO  [o.s.c.s.PostProcessorRegistrationDelegate$BeanPostProcessorChecker] PostProcessorRegistrationDelegate.java:330 - Bean 'dataSource' of type [com.zaxxer.hikari.HikariDataSource] is not eligible for getting processed by all BeanPostProcessors (for example: not eligible for auto-proxying)
2020-06-08 21:48:07,537 [main] INFO  [o.s.c.s.PostProcessorRegistrationDelegate$BeanPostProcessorChecker] PostProcessorRegistrationDelegate.java:330 - Bean 'org.springframework.boot.autoconfigure.jdbc.DataSourceInitializerInvoker' of type [org.springframework.boot.autoconfigure.jdbc.DataSourceInitializerInvoker] is not eligible for getting processed by all BeanPostProcessors (for example: not eligible for auto-proxying)
2020-06-08 21:48:07,990 [main] INFO  [o.s.c.s.PostProcessorRegistrationDelegate$BeanPostProcessorChecker] PostProcessorRegistrationDelegate.java:330 - Bean 'sqlSessionFactory' of type [org.apache.ibatis.session.defaults.DefaultSqlSessionFactory] is not eligible for getting processed by all BeanPostProcessors (for example: not eligible for auto-proxying)
2020-06-08 21:48:08,021 [main] INFO  [o.s.c.s.PostProcessorRegistrationDelegate$BeanPostProcessorChecker] PostProcessorRegistrationDelegate.java:330 - Bean 'sqlSessionTemplate' of type [org.mybatis.spring.SqlSessionTemplate] is not eligible for getting processed by all BeanPostProcessors (for example: not eligible for auto-proxying)
2020-06-08 21:48:08,052 [main] INFO  [o.s.c.s.PostProcessorRegistrationDelegate$BeanPostProcessorChecker] PostProcessorRegistrationDelegate.java:330 - Bean 'userMapper' of type [org.mybatis.spring.mapper.MapperFactoryBean] is not eligible for getting processed by all BeanPostProcessors (for example: not eligible for auto-proxying)
2020-06-08 21:48:08,052 [main] INFO  [o.s.c.s.PostProcessorRegistrationDelegate$BeanPostProcessorChecker] PostProcessorRegistrationDelegate.java:330 - Bean 'userMapper' of type [com.sun.proxy.$Proxy93] is not eligible for getting processed by all BeanPostProcessors (for example: not eligible for auto-proxying)
2020-06-08 21:48:08,068 [main] INFO  [o.s.c.s.PostProcessorRegistrationDelegate$BeanPostProcessorChecker] PostProcessorRegistrationDelegate.java:330 - Bean 'passwordHelper' of type [com.njupt.common.utils.PasswordHelper] is not eligible for getting processed by all BeanPostProcessors (for example: not eligible for auto-proxying)
2020-06-08 21:48:08,068 [main] INFO  [o.s.c.s.PostProcessorRegistrationDelegate$BeanPostProcessorChecker] PostProcessorRegistrationDelegate.java:330 - Bean 'userServiceImpl' of type [com.njupt.system.service.impl.UserServiceImpl] is not eligible for getting processed by all BeanPostProcessors (for example: not eligible for auto-proxying)
2020-06-08 21:48:08,099 [main] INFO  [o.s.c.s.PostProcessorRegistrationDelegate$BeanPostProcessorChecker] PostProcessorRegistrationDelegate.java:330 - Bean 'userRealm' of type [com.njupt.common.realm.AuthRealm] is not eligible for getting processed by all BeanPostProcessors (for example: not eligible for auto-proxying)
2020-06-08 21:48:08,115 [main] INFO  [o.s.c.s.PostProcessorRegistrationDelegate$BeanPostProcessorChecker] PostProcessorRegistrationDelegate.java:330 - Bean 'securityManager' of type [org.apache.shiro.web.mgt.DefaultWebSecurityManager] is not eligible for getting processed by all BeanPostProcessors (for example: not eligible for auto-proxying)
2020-06-08 21:48:08,131 [main] INFO  [o.s.c.s.PostProcessorRegistrationDelegate$BeanPostProcessorChecker] PostProcessorRegistrationDelegate.java:330 - Bean 'authorizationAttributeSourceAdvisor' of type [org.apache.shiro.spring.security.interceptor.AuthorizationAttributeSourceAdvisor] is not eligible for getting processed by all BeanPostProcessors (for example: not eligible for auto-proxying)
2020-06-08 21:48:09,474 [main] INFO  [s.d.s.w.PropertySourcedRequestMappingHandlerMapping] PropertySourcedRequestMappingHandlerMapping.java:69 - Mapped URL path [/v2/api-docs] onto method [public org.springframework.http.ResponseEntity<springfox.documentation.spring.web.json.Json> springfox.documentation.swagger2.web.Swagger2Controller.getDocumentation(java.lang.String,javax.servlet.http.HttpServletRequest)]
2020-06-08 21:48:09,896 [main] INFO  [o.s.scheduling.concurrent.ThreadPoolTaskExecutor] ExecutorConfigurationSupport.java:171 - Initializing ExecutorService 'applicationTaskExecutor'
2020-06-08 21:48:10,552 [main] INFO  [s.d.s.web.plugins.DocumentationPluginsBootstrapper] DocumentationPluginsBootstrapper.java:160 - Context refreshed
2020-06-08 21:48:10,583 [main] INFO  [s.d.s.web.plugins.DocumentationPluginsBootstrapper] DocumentationPluginsBootstrapper.java:163 - Found 1 custom documentation plugin(s)
2020-06-08 21:48:10,646 [main] INFO  [s.d.spring.web.scanners.ApiListingReferenceScanner] ApiListingReferenceScanner.java:41 - Scanning for api listing references
2020-06-08 21:48:10,677 [main] INFO  [com.njupt.admin.dto.PasswordHelperTest] StartupInfoLogger.java:59 - Started PasswordHelperTest in 8.233 seconds (JVM running for 10.182)
2020-06-08 21:48:11,161 [main] INFO  [StringTest] StringTest.java:31 - list=[1, 2]
2020-06-08 21:48:11,333 [Thread-3] INFO  [o.s.scheduling.concurrent.ThreadPoolTaskExecutor] ExecutorConfigurationSupport.java:208 - Shutting down ExecutorService 'applicationTaskExecutor'
2020-06-08 21:48:23,267 [restartedMain] INFO  [com.njupt.BlogApplication] StartupInfoLogger.java:50 - Starting BlogApplication on DESKTOP-5BD7DKG with PID 3720 (F:\IdeaProjects\blog\target\classes started by lxl in F:\IdeaProjects\blog)
2020-06-08 21:48:23,283 [restartedMain] INFO  [com.njupt.BlogApplication] SpringApplication.java:679 - The following profiles are active: dev
2020-06-08 21:48:23,345 [restartedMain] INFO  [o.s.b.d.env.DevToolsPropertyDefaultsPostProcessor] DeferredLog.java:227 - Devtools property defaults active! Set 'spring.devtools.add-properties' to 'false' to disable
2020-06-08 21:48:23,345 [restartedMain] INFO  [o.s.b.d.env.DevToolsPropertyDefaultsPostProcessor] DeferredLog.java:227 - For additional web related logging consider setting the 'logging.level.web' property to 'DEBUG'
2020-06-08 21:48:24,642 [restartedMain] WARN  [org.mybatis.spring.mapper.ClassPathMapperScanner] Logger.java:44 - Skipping MapperFactoryBean with name 'articleCategoryMapper' and 'com.njupt.system.mapper.ArticleCategoryMapper' mapperInterface. Bean already defined with the same name!
2020-06-08 21:48:24,642 [restartedMain] WARN  [org.mybatis.spring.mapper.ClassPathMapperScanner] Logger.java:44 - Skipping MapperFactoryBean with name 'articleMapper' and 'com.njupt.system.mapper.ArticleMapper' mapperInterface. Bean already defined with the same name!
2020-06-08 21:48:24,642 [restartedMain] WARN  [org.mybatis.spring.mapper.ClassPathMapperScanner] Logger.java:44 - Skipping MapperFactoryBean with name 'articleTagMapper' and 'com.njupt.system.mapper.ArticleTagMapper' mapperInterface. Bean already defined with the same name!
2020-06-08 21:48:24,642 [restartedMain] WARN  [org.mybatis.spring.mapper.ClassPathMapperScanner] Logger.java:44 - Skipping MapperFactoryBean with name 'categoryMapper' and 'com.njupt.system.mapper.CategoryMapper' mapperInterface. Bean already defined with the same name!
2020-06-08 21:48:24,658 [restartedMain] WARN  [org.mybatis.spring.mapper.ClassPathMapperScanner] Logger.java:44 - Skipping MapperFactoryBean with name 'commentMapper' and 'com.njupt.system.mapper.CommentMapper' mapperInterface. Bean already defined with the same name!
2020-06-08 21:48:24,658 [restartedMain] WARN  [org.mybatis.spring.mapper.ClassPathMapperScanner] Logger.java:44 - Skipping MapperFactoryBean with name 'linkMapper' and 'com.njupt.system.mapper.LinkMapper' mapperInterface. Bean already defined with the same name!
2020-06-08 21:48:24,658 [restartedMain] WARN  [org.mybatis.spring.mapper.ClassPathMapperScanner] Logger.java:44 - Skipping MapperFactoryBean with name 'logMapper' and 'com.njupt.system.mapper.LogMapper' mapperInterface. Bean already defined with the same name!
2020-06-08 21:48:24,658 [restartedMain] WARN  [org.mybatis.spring.mapper.ClassPathMapperScanner] Logger.java:44 - Skipping MapperFactoryBean with name 'loginLogMapper' and 'com.njupt.system.mapper.LoginLogMapper' mapperInterface. Bean already defined with the same name!
2020-06-08 21:48:24,658 [restartedMain] WARN  [org.mybatis.spring.mapper.ClassPathMapperScanner] Logger.java:44 - Skipping MapperFactoryBean with name 'tagMapper' and 'com.njupt.system.mapper.TagMapper' mapperInterface. Bean already defined with the same name!
2020-06-08 21:48:24,658 [restartedMain] WARN  [org.mybatis.spring.mapper.ClassPathMapperScanner] Logger.java:44 - Skipping MapperFactoryBean with name 'userMapper' and 'com.njupt.system.mapper.UserMapper' mapperInterface. Bean already defined with the same name!
2020-06-08 21:48:24,658 [restartedMain] WARN  [org.mybatis.spring.mapper.ClassPathMapperScanner] Logger.java:44 - No MyBatis mapper was found in '[com.njupt.system.mapper]' package. Please check your configuration.
2020-06-08 21:48:24,861 [restartedMain] INFO  [o.s.c.s.PostProcessorRegistrationDelegate$BeanPostProcessorChecker] PostProcessorRegistrationDelegate.java:330 - Bean 'org.springframework.transaction.annotation.ProxyTransactionManagementConfiguration' of type [org.springframework.transaction.annotation.ProxyTransactionManagementConfiguration$$EnhancerBySpringCGLIB$$c125cb38] is not eligible for getting processed by all BeanPostProcessors (for example: not eligible for auto-proxying)
2020-06-08 21:48:24,954 [restartedMain] INFO  [o.s.c.s.PostProcessorRegistrationDelegate$BeanPostProcessorChecker] PostProcessorRegistrationDelegate.java:330 - Bean 'tumoProperties' of type [com.njupt.common.properties.TumoProperties$$EnhancerBySpringCGLIB$$8b6e7069] is not eligible for getting processed by all BeanPostProcessors (for example: not eligible for auto-proxying)
2020-06-08 21:48:24,954 [restartedMain] INFO  [o.s.c.s.PostProcessorRegistrationDelegate$BeanPostProcessorChecker] PostProcessorRegistrationDelegate.java:330 - Bean 'shiroConfig' of type [com.njupt.common.config.ShiroConfig$$EnhancerBySpringCGLIB$$d87b77a9] is not eligible for getting processed by all BeanPostProcessors (for example: not eligible for auto-proxying)
2020-06-08 21:48:25,064 [restartedMain] INFO  [o.s.c.s.PostProcessorRegistrationDelegate$BeanPostProcessorChecker] PostProcessorRegistrationDelegate.java:330 - Bean 'hashedCredentialsMatcher' of type [org.apache.shiro.authc.credential.HashedCredentialsMatcher] is not eligible for getting processed by all BeanPostProcessors (for example: not eligible for auto-proxying)
2020-06-08 21:48:25,111 [restartedMain] INFO  [o.s.c.s.PostProcessorRegistrationDelegate$BeanPostProcessorChecker] PostProcessorRegistrationDelegate.java:330 - Bean 'mybatis-plus-com.baomidou.mybatisplus.autoconfigure.MybatisPlusProperties' of type [com.baomidou.mybatisplus.autoconfigure.MybatisPlusProperties] is not eligible for getting processed by all BeanPostProcessors (for example: not eligible for auto-proxying)
2020-06-08 21:48:25,111 [restartedMain] INFO  [o.s.c.s.PostProcessorRegistrationDelegate$BeanPostProcessorChecker] PostProcessorRegistrationDelegate.java:330 - Bean 'mybatisPlusConfig' of type [com.njupt.common.config.MybatisPlusConfig$$EnhancerBySpringCGLIB$$e8691b85] is not eligible for getting processed by all BeanPostProcessors (for example: not eligible for auto-proxying)
2020-06-08 21:48:25,126 [restartedMain] INFO  [o.s.c.s.PostProcessorRegistrationDelegate$BeanPostProcessorChecker] PostProcessorRegistrationDelegate.java:330 - Bean 'paginationInterceptor' of type [com.baomidou.mybatisplus.extension.plugins.PaginationInterceptor] is not eligible for getting processed by all BeanPostProcessors (for example: not eligible for auto-proxying)
2020-06-08 21:48:25,126 [restartedMain] INFO  [o.s.c.s.PostProcessorRegistrationDelegate$BeanPostProcessorChecker] PostProcessorRegistrationDelegate.java:330 - Bean 'com.baomidou.mybatisplus.autoconfigure.MybatisPlusAutoConfiguration' of type [com.baomidou.mybatisplus.autoconfigure.MybatisPlusAutoConfiguration$$EnhancerBySpringCGLIB$$feee37d2] is not eligible for getting processed by all BeanPostProcessors (for example: not eligible for auto-proxying)
2020-06-08 21:48:25,126 [restartedMain] INFO  [o.s.c.s.PostProcessorRegistrationDelegate$BeanPostProcessorChecker] PostProcessorRegistrationDelegate.java:330 - Bean 'org.springframework.boot.autoconfigure.jdbc.DataSourceConfiguration$Hikari' of type [org.springframework.boot.autoconfigure.jdbc.DataSourceConfiguration$Hikari] is not eligible for getting processed by all BeanPostProcessors (for example: not eligible for auto-proxying)
2020-06-08 21:48:25,142 [restartedMain] INFO  [o.s.c.s.PostProcessorRegistrationDelegate$BeanPostProcessorChecker] PostProcessorRegistrationDelegate.java:330 - Bean 'spring.datasource-org.springframework.boot.autoconfigure.jdbc.DataSourceProperties' of type [org.springframework.boot.autoconfigure.jdbc.DataSourceProperties] is not eligible for getting processed by all BeanPostProcessors (for example: not eligible for auto-proxying)
2020-06-08 21:48:25,158 [restartedMain] INFO  [o.s.c.s.PostProcessorRegistrationDelegate$BeanPostProcessorChecker] PostProcessorRegistrationDelegate.java:330 - Bean 'dataSource' of type [com.zaxxer.hikari.HikariDataSource] is not eligible for getting processed by all BeanPostProcessors (for example: not eligible for auto-proxying)
2020-06-08 21:48:25,173 [restartedMain] INFO  [o.s.c.s.PostProcessorRegistrationDelegate$BeanPostProcessorChecker] PostProcessorRegistrationDelegate.java:330 - Bean 'org.springframework.boot.autoconfigure.jdbc.DataSourceInitializerInvoker' of type [org.springframework.boot.autoconfigure.jdbc.DataSourceInitializerInvoker] is not eligible for getting processed by all BeanPostProcessors (for example: not eligible for auto-proxying)
2020-06-08 21:48:25,532 [restartedMain] INFO  [o.s.c.s.PostProcessorRegistrationDelegate$BeanPostProcessorChecker] PostProcessorRegistrationDelegate.java:330 - Bean 'sqlSessionFactory' of type [org.apache.ibatis.session.defaults.DefaultSqlSessionFactory] is not eligible for getting processed by all BeanPostProcessors (for example: not eligible for auto-proxying)
2020-06-08 21:48:25,532 [restartedMain] INFO  [o.s.c.s.PostProcessorRegistrationDelegate$BeanPostProcessorChecker] PostProcessorRegistrationDelegate.java:330 - Bean 'sqlSessionTemplate' of type [org.mybatis.spring.SqlSessionTemplate] is not eligible for getting processed by all BeanPostProcessors (for example: not eligible for auto-proxying)
2020-06-08 21:48:25,564 [restartedMain] INFO  [o.s.c.s.PostProcessorRegistrationDelegate$BeanPostProcessorChecker] PostProcessorRegistrationDelegate.java:330 - Bean 'userMapper' of type [org.mybatis.spring.mapper.MapperFactoryBean] is not eligible for getting processed by all BeanPostProcessors (for example: not eligible for auto-proxying)
2020-06-08 21:48:25,579 [restartedMain] INFO  [o.s.c.s.PostProcessorRegistrationDelegate$BeanPostProcessorChecker] PostProcessorRegistrationDelegate.java:330 - Bean 'userMapper' of type [com.sun.proxy.$Proxy89] is not eligible for getting processed by all BeanPostProcessors (for example: not eligible for auto-proxying)
2020-06-08 21:48:25,579 [restartedMain] INFO  [o.s.c.s.PostProcessorRegistrationDelegate$BeanPostProcessorChecker] PostProcessorRegistrationDelegate.java:330 - Bean 'passwordHelper' of type [com.njupt.common.utils.PasswordHelper] is not eligible for getting processed by all BeanPostProcessors (for example: not eligible for auto-proxying)
2020-06-08 21:48:25,579 [restartedMain] INFO  [o.s.c.s.PostProcessorRegistrationDelegate$BeanPostProcessorChecker] PostProcessorRegistrationDelegate.java:330 - Bean 'userServiceImpl' of type [com.njupt.system.service.impl.UserServiceImpl] is not eligible for getting processed by all BeanPostProcessors (for example: not eligible for auto-proxying)
2020-06-08 21:48:25,611 [restartedMain] INFO  [o.s.c.s.PostProcessorRegistrationDelegate$BeanPostProcessorChecker] PostProcessorRegistrationDelegate.java:330 - Bean 'userRealm' of type [com.njupt.common.realm.AuthRealm] is not eligible for getting processed by all BeanPostProcessors (for example: not eligible for auto-proxying)
2020-06-08 21:48:25,626 [restartedMain] INFO  [o.s.c.s.PostProcessorRegistrationDelegate$BeanPostProcessorChecker] PostProcessorRegistrationDelegate.java:330 - Bean 'securityManager' of type [org.apache.shiro.web.mgt.DefaultWebSecurityManager] is not eligible for getting processed by all BeanPostProcessors (for example: not eligible for auto-proxying)
2020-06-08 21:48:25,642 [restartedMain] INFO  [o.s.c.s.PostProcessorRegistrationDelegate$BeanPostProcessorChecker] PostProcessorRegistrationDelegate.java:330 - Bean 'authorizationAttributeSourceAdvisor' of type [org.apache.shiro.spring.security.interceptor.AuthorizationAttributeSourceAdvisor] is not eligible for getting processed by all BeanPostProcessors (for example: not eligible for auto-proxying)
2020-06-08 21:48:27,345 [restartedMain] INFO  [o.s.boot.web.embedded.tomcat.TomcatWebServer] TomcatWebServer.java:90 - Tomcat initialized with port(s): 8080 (http)
2020-06-08 21:48:27,360 [restartedMain] INFO  [org.apache.coyote.http11.Http11NioProtocol] DirectJDKLog.java:173 - Initializing ProtocolHandler ["http-nio-8080"]
2020-06-08 21:48:27,360 [restartedMain] INFO  [org.apache.catalina.core.StandardService] DirectJDKLog.java:173 - Starting service [Tomcat]
2020-06-08 21:48:27,360 [restartedMain] INFO  [org.apache.catalina.core.StandardEngine] DirectJDKLog.java:173 - Starting Servlet engine: [Apache Tomcat/9.0.16]
2020-06-08 21:48:27,376 [restartedMain] INFO  [org.apache.catalina.core.AprLifecycleListener] DirectJDKLog.java:173 - The APR based Apache Tomcat Native library which allows optimal performance in production environments was not found on the java.library.path: [G:\Java\jdk1.8.0_60\bin;C:\WINDOWS\Sun\Java\bin;C:\WINDOWS\system32;C:\WINDOWS;G:\Xftp 6\;G:\Xshell 6\;C:\ProgramData\Oracle\Java\javapath;C:\Program Files (x86)\Intel\iCLS Client\;C:\Program Files\Intel\iCLS Client\;C:\Windows\system32;C:\Windows;C:\Windows\System32\Wbem;C:\Windows\System32\WindowsPowerShell\v1.0\;C:\Program Files (x86)\NVIDIA Corporation\PhysX\Common;C:\Program Files (x86)\Intel\Intel(R) Management Engine Components\DAL;C:\Program Files\Intel\Intel(R) Management Engine Components\DAL;C:\Program Files (x86)\Intel\Intel(R) Management Engine Components\IPT;C:\Program Files\Intel\Intel(R) Management Engine Components\IPT;C:\Program Files\Intel\WiFi\bin\;C:\Program Files\Common Files\Intel\WirelessCommon\;C:\WINDOWS\system32;C:\WINDOWS;C:\WINDOWS\System32\Wbem;C:\WINDOWS\System32\WindowsPowerShell\v1.0\;C:\WINDOWS\System32\OpenSSH\;C:\Program Files (x86)\Windows Kits\8.1\Windows Performance Toolkit\;G:\Java\jdk1.8.0_60\bin;C:\Users\Lxl\AppData\Local\Programs\Python\Python36\;C:\Users\Lxl\AppData\Local\Programs\Python\Python36\Scripts\;C:\Program Files\MySQL\MySQL Server 5.5\bin;G:\ideaMaven\apache-maven-3.6.3\bin;G:\nodejs\;C:\Users\Lxl\AppData\Local\Microsoft\WindowsApps;G:\OCR\Tesseract-OCR;C:\Users\Lxl\AppData\Local\Programs\Python\Python36\;C:\Users\Lxl\AppData\Local\Programs\Python\Python36\Scripts\;C:\Users\Lxl\AppData\Roaming\npm;G:\pycharm2020\PyCharm 2020.1.2\bin;;.]
2020-06-08 21:48:27,470 [restartedMain] INFO  [o.a.c.core.ContainerBase.[Tomcat].[localhost].[/]] DirectJDKLog.java:173 - Initializing Spring embedded WebApplicationContext
2020-06-08 21:48:27,470 [restartedMain] INFO  [org.springframework.web.context.ContextLoader] ServletWebServerApplicationContext.java:296 - Root WebApplicationContext: initialization completed in 4125 ms
2020-06-08 21:48:28,188 [restartedMain] INFO  [s.d.s.w.PropertySourcedRequestMappingHandlerMapping] PropertySourcedRequestMappingHandlerMapping.java:69 - Mapped URL path [/v2/api-docs] onto method [public org.springframework.http.ResponseEntity<springfox.documentation.spring.web.json.Json> springfox.documentation.swagger2.web.Swagger2Controller.getDocumentation(java.lang.String,javax.servlet.http.HttpServletRequest)]
2020-06-08 21:48:28,282 [restartedMain] INFO  [o.s.scheduling.concurrent.ThreadPoolTaskExecutor] ExecutorConfigurationSupport.java:171 - Initializing ExecutorService 'applicationTaskExecutor'
2020-06-08 21:48:28,454 [restartedMain] INFO  [o.s.b.d.autoconfigure.OptionalLiveReloadServer] OptionalLiveReloadServer.java:57 - LiveReload server is running on port 35729
2020-06-08 21:48:28,766 [restartedMain] INFO  [s.d.s.web.plugins.DocumentationPluginsBootstrapper] DocumentationPluginsBootstrapper.java:160 - Context refreshed
2020-06-08 21:48:28,766 [restartedMain] INFO  [s.d.s.web.plugins.DocumentationPluginsBootstrapper] DocumentationPluginsBootstrapper.java:163 - Found 1 custom documentation plugin(s)
2020-06-08 21:48:28,813 [restartedMain] INFO  [s.d.spring.web.scanners.ApiListingReferenceScanner] ApiListingReferenceScanner.java:41 - Scanning for api listing references
2020-06-08 21:48:28,829 [restartedMain] INFO  [org.apache.coyote.http11.Http11NioProtocol] DirectJDKLog.java:173 - Starting ProtocolHandler ["http-nio-8080"]
2020-06-08 21:48:28,844 [restartedMain] INFO  [o.s.boot.web.embedded.tomcat.TomcatWebServer] TomcatWebServer.java:204 - Tomcat started on port(s): 8080 (http) with context path ''
2020-06-08 21:48:28,844 [restartedMain] INFO  [com.njupt.BlogApplication] StartupInfoLogger.java:59 - Started BlogApplication in 5.936 seconds (JVM running for 7.314)
2020-06-08 21:48:50,613 [http-nio-8080-exec-1] INFO  [o.a.c.core.ContainerBase.[Tomcat].[localhost].[/]] DirectJDKLog.java:173 - Initializing Spring DispatcherServlet 'dispatcherServlet'
2020-06-08 21:48:50,613 [http-nio-8080-exec-1] INFO  [org.springframework.web.servlet.DispatcherServlet] FrameworkServlet.java:524 - Initializing Servlet 'dispatcherServlet'
2020-06-08 21:48:50,624 [http-nio-8080-exec-1] INFO  [org.springframework.web.servlet.DispatcherServlet] FrameworkServlet.java:546 - Completed initialization in 10 ms
2020-06-08 21:48:50,740 [http-nio-8080-exec-1] INFO  [com.zaxxer.hikari.HikariDataSource] HikariDataSource.java:110 - HikariPool-1 - Starting...
2020-06-08 21:48:50,821 [http-nio-8080-exec-1] INFO  [com.zaxxer.hikari.HikariDataSource] HikariDataSource.java:123 - HikariPool-1 - Start completed.
